<?xml version="1.0" encoding="UTF-8"?>
<!-- Generated by org.testng.reporters.JUnitReportReporter -->
<testsuite hostname="Shankar-pc" name="com.addotnet.automation.CreateAdvertiserTest" tests="1" failures="0" timestamp="12 Aug 2015 11:43:09 GMT" time="164.637" errors="0">
  <testcase name="createAdvertiserTest" time="164.637" classname="com.addotnet.automation.CreateAdvertiserTest"/>
</testsuite> <!-- com.addotnet.automation.CreateAdvertiserTest -->
